# JRE version: Java(TM) SE Runtime Environment (7.0_55-b13) (build 1.7.0_55-b13)
# Java VM: Java HotSpot(TM) 64-Bit Server VM (24.55-b03 mixed mode bsd-amd64 compressed oops)
Heap
 PSYoungGen      total 325632K, used 256630K [0x00000007eaa80000, 0x0000000800000000, 0x0000000800000000)
  eden space 311808K, 77% used [0x00000007eaa80000,0x00000007f97a32c0,0x00000007fdb00000)
  from space 13824K, 99% used [0x00000007ff280000,0x00000007ffffa798,0x0000000800000000)
  to   space 18944K, 0% used [0x00000007fdb00000,0x00000007fdb00000,0x00000007fed80000)
 ParOldGen       total 79360K, used 52699K [0x00000007c0000000, 0x00000007c4d80000, 0x00000007eaa80000)
  object space 79360K, 66% used [0x00000007c0000000,0x00000007c3376dd0,0x00000007c4d80000)
 PSPermGen       total 21504K, used 5832K [0x00000007bae00000, 0x00000007bc300000, 0x00000007c0000000)
  object space 21504K, 27% used [0x00000007bae00000,0x00000007bb3b2000,0x00000007bc300000)
GC Heap History (10 events):
Event: 2.480 GC heap before
{Heap before GC invocations=13 (full 0):
 PSYoungGen      total 338944K, used 334654K [0x00000007eaa80000, 0x00000007fff80000, 0x0000000800000000)
  eden space 328704K, 100% used [0x00000007eaa80000,0x00000007feb80000,0x00000007feb80000)
  from space 10240K, 58% used [0x00000007ff580000,0x00000007ffb4fb58,0x00000007fff80000)
  to   space 10240K, 0% used [0x00000007feb80000,0x00000007feb80000,0x00000007ff580000)
 ParOldGen       total 43520K, used 21183K [0x00000007c0000000, 0x00000007c2a80000, 0x00000007eaa80000)
  object space 43520K, 48% used [0x00000007c0000000,0x00000007c14afd88,0x00000007c2a80000)
 PSPermGen       total 21504K, used 5801K [0x00000007bae00000, 0x00000007bc300000, 0x00000007c0000000)
  object space 21504K, 26% used [0x00000007bae00000,0x00000007bb3aa660,0x00000007bc300000)
Event: 2.516 GC heap after
Heap after GC invocations=13 (full 0):
 PSYoungGen      total 338944K, used 10045K [0x00000007eaa80000, 0x0000000800000000, 0x0000000800000000)
  eden space 328704K, 0% used [0x00000007eaa80000,0x00000007eaa80000,0x00000007feb80000)
  from space 10240K, 98% used [0x00000007feb80000,0x00000007ff54f568,0x00000007ff580000)
  to   space 10752K, 0% used [0x00000007ff580000,0x00000007ff580000,0x0000000800000000)
 ParOldGen       total 43520K, used 25671K [0x00000007c0000000, 0x00000007c2a80000, 0x00000007eaa80000)
  object space 43520K, 58% used [0x00000007c0000000,0x00000007c1911d88,0x00000007c2a80000)
 PSPermGen       total 21504K, used 5801K [0x00000007bae00000, 0x00000007bc300000, 0x00000007c0000000)
  object space 21504K, 26% used [0x00000007bae00000,0x00000007bb3aa660,0x00000007bc300000)
}
Event: 2.732 GC heap before
{Heap before GC invocations=14 (full 0):
 PSYoungGen      total 338944K, used 338749K [0x00000007eaa80000, 0x0000000800000000, 0x0000000800000000)
  eden space 328704K, 100% used [0x00000007eaa80000,0x00000007feb80000,0x00000007feb80000)
  from space 10240K, 98% used [0x00000007feb80000,0x00000007ff54f568,0x00000007ff580000)
  to   space 10752K, 0% used [0x00000007ff580000,0x00000007ff580000,0x0000000800000000)
 ParOldGen       total 43520K, used 25671K [0x00000007c0000000, 0x00000007c2a80000, 0x00000007eaa80000)
  object space 43520K, 58% used [0x00000007c0000000,0x00000007c1911d88,0x00000007c2a80000)
 PSPermGen       total 21504K, used 5807K [0x00000007bae00000, 0x00000007bc300000, 0x00000007c0000000)
  object space 21504K, 27% used [0x00000007bae00000,0x00000007bb3abc70,0x00000007bc300000)
Event: 2.760 GC heap after
Heap after GC invocations=14 (full 0):
 PSYoungGen      total 334848K, used 9173K [0x00000007eaa80000, 0x0000000800000000, 0x0000000800000000)
  eden space 324096K, 0% used [0x00000007eaa80000,0x00000007eaa80000,0x00000007fe700000)
  from space 10752K, 85% used [0x00000007ff580000,0x00000007ffe757a0,0x0000000800000000)
  to   space 12800K, 0% used [0x00000007fe700000,0x00000007fe700000,0x00000007ff380000)
 ParOldGen       total 43520K, used 35708K [0x00000007c0000000, 0x00000007c2a80000, 0x00000007eaa80000)
  object space 43520K, 82% used [0x00000007c0000000,0x00000007c22df2f0,0x00000007c2a80000)
 PSPermGen       total 21504K, used 5807K [0x00000007bae00000, 0x00000007bc300000, 0x00000007c0000000)
  object space 21504K, 27% used [0x00000007bae00000,0x00000007bb3abc70,0x00000007bc300000)
}
Event: 2.760 GC heap before
{Heap before GC invocations=15 (full 1):
 PSYoungGen      total 334848K, used 9173K [0x00000007eaa80000, 0x0000000800000000, 0x0000000800000000)
  eden space 324096K, 0% used [0x00000007eaa80000,0x00000007eaa80000,0x00000007fe700000)
  from space 10752K, 85% used [0x00000007ff580000,0x00000007ffe757a0,0x0000000800000000)
  to   space 12800K, 0% used [0x00000007fe700000,0x00000007fe700000,0x00000007ff380000)
 ParOldGen       total 43520K, used 35708K [0x00000007c0000000, 0x00000007c2a80000, 0x00000007eaa80000)
  object space 43520K, 82% used [0x00000007c0000000,0x00000007c22df2f0,0x00000007c2a80000)
 PSPermGen       total 21504K, used 5807K [0x00000007bae00000, 0x00000007bc300000, 0x00000007c0000000)
  object space 21504K, 27% used [0x00000007bae00000,0x00000007bb3abc70,0x00000007bc300000)
Event: 3.255 GC heap after
Heap after GC invocations=15 (full 1):
 PSYoungGen      total 334848K, used 934K [0x00000007eaa80000, 0x0000000800000000, 0x0000000800000000)
  eden space 324096K, 0% used [0x00000007eaa80000,0x00000007eaa80000,0x00000007fe700000)
  from space 10752K, 8% used [0x00000007ff580000,0x00000007ff669bb0,0x0000000800000000)
  to   space 12800K, 0% used [0x00000007fe700000,0x00000007fe700000,0x00000007ff380000)
 ParOldGen       total 79360K, used 43395K [0x00000007c0000000, 0x00000007c4d80000, 0x00000007eaa80000)
  object space 79360K, 54% used [0x00000007c0000000,0x00000007c2a60dd0,0x00000007c4d80000)
 PSPermGen       total 21504K, used 5805K [0x00000007bae00000, 0x00000007bc300000, 0x00000007c0000000)
  object space 21504K, 26% used [0x00000007bae00000,0x00000007bb3ab790,0x00000007bc300000)
}
Event: 3.446 GC heap before
{Heap before GC invocations=16 (full 1):
 PSYoungGen      total 334848K, used 325030K [0x00000007eaa80000, 0x0000000800000000, 0x0000000800000000)
  eden space 324096K, 100% used [0x00000007eaa80000,0x00000007fe700000,0x00000007fe700000)
  from space 10752K, 8% used [0x00000007ff580000,0x00000007ff669bb0,0x0000000800000000)
  to   space 12800K, 0% used [0x00000007fe700000,0x00000007fe700000,0x00000007ff380000)
 ParOldGen       total 79360K, used 43395K [0x00000007c0000000, 0x00000007c4d80000, 0x00000007eaa80000)
  object space 79360K, 54% used [0x00000007c0000000,0x00000007c2a60dd0,0x00000007c4d80000)
 PSPermGen       total 21504K, used 5805K [0x00000007bae00000, 0x00000007bc300000, 0x00000007c0000000)
  object space 21504K, 26% used [0x00000007bae00000,0x00000007bb3ab790,0x00000007bc300000)
Event: 3.471 GC heap after
Heap after GC invocations=16 (full 1):
 PSYoungGen      total 335872K, used 11281K [0x00000007eaa80000, 0x0000000800000000, 0x0000000800000000)
  eden space 324096K, 0% used [0x00000007eaa80000,0x00000007eaa80000,0x00000007fe700000)
  from space 11776K, 95% used [0x00000007fe700000,0x00000007ff204518,0x00000007ff280000)
  to   space 13824K, 0% used [0x00000007ff280000,0x00000007ff280000,0x0000000800000000)
 ParOldGen       total 79360K, used 44347K [0x00000007c0000000, 0x00000007c4d80000, 0x00000007eaa80000)
  object space 79360K, 55% used [0x00000007c0000000,0x00000007c2b4edd0,0x00000007c4d80000)
 PSPermGen       total 21504K, used 5805K [0x00000007bae00000, 0x00000007bc300000, 0x00000007c0000000)
  object space 21504K, 26% used [0x00000007bae00000,0x00000007bb3ab790,0x00000007bc300000)
}
Event: 3.681 GC heap before
{Heap before GC invocations=17 (full 1):
 PSYoungGen      total 335872K, used 335377K [0x00000007eaa80000, 0x0000000800000000, 0x0000000800000000)
  eden space 324096K, 100% used [0x00000007eaa80000,0x00000007fe700000,0x00000007fe700000)
  from space 11776K, 95% used [0x00000007fe700000,0x00000007ff204518,0x00000007ff280000)
  to   space 13824K, 0% used [0x00000007ff280000,0x00000007ff280000,0x0000000800000000)
 ParOldGen       total 79360K, used 44347K [0x00000007c0000000, 0x00000007c4d80000, 0x00000007eaa80000)
  object space 79360K, 55% used [0x00000007c0000000,0x00000007c2b4edd0,0x00000007c4d80000)
 PSPermGen       total 21504K, used 5805K [0x00000007bae00000, 0x00000007bc300000, 0x00000007c0000000)
  object space 21504K, 26% used [0x00000007bae00000,0x00000007bb3ab7d0,0x00000007bc300000)
Event: 3.715 GC heap after
Heap after GC invocations=17 (full 1):
 PSYoungGen      total 325632K, used 13801K [0x00000007eaa80000, 0x0000000800000000, 0x0000000800000000)
  eden space 311808K, 0% used [0x00000007eaa80000,0x00000007eaa80000,0x00000007fdb00000)
  from space 13824K, 99% used [0x00000007ff280000,0x00000007ffffa798,0x0000000800000000)
  to   space 18944K, 0% used [0x00000007fdb00000,0x00000007fdb00000,0x00000007fed80000)
 ParOldGen       total 79360K, used 52699K [0x00000007c0000000, 0x00000007c4d80000, 0x00000007eaa80000)
  object space 79360K, 66% used [0x00000007c0000000,0x00000007c3376dd0,0x00000007c4d80000)
 PSPermGen       total 21504K, used 5805K [0x00000007bae00000, 0x00000007bc300000, 0x00000007c0000000)
  object space 21504K, 26% used [0x00000007bae00000,0x00000007bb3ab7d0,0x00000007bc300000)
}

