# JRE version: Java(TM) SE Runtime Environment (7.0_55-b13) (build 1.7.0_55-b13)
# Java VM: Java HotSpot(TM) 64-Bit Server VM (24.55-b03 mixed mode bsd-amd64 compressed oops)
Heap
 PSYoungGen      total 138752K, used 63496K [0x0000000136300000, 0x000000013f100000, 0x000000014b880000)
  eden space 133632K, 44% used [0x0000000136300000,0x0000000139c75288,0x000000013e580000)
  from space 5120K, 91% used [0x000000013eb00000,0x000000013ef8d040,0x000000013f000000)
  to   space 5632K, 0% used [0x000000013e580000,0x000000013e580000,0x000000013eb00000)
 ParOldGen       total 43520K, used 2188K [0x000000010b880000, 0x000000010e300000, 0x0000000136300000)
  object space 43520K, 5% used [0x000000010b880000,0x000000010baa3170,0x000000010e300000)
 PSPermGen       total 21504K, used 5753K [0x0000000106680000, 0x0000000107b80000, 0x000000010b880000)
  object space 21504K, 26% used [0x0000000106680000,0x0000000106c1e490,0x0000000107b80000)
GC Heap History (10 events):
Event: 3.778 GC heap before
{Heap before GC invocations=4 (full 0):
 PSYoungGen      total 19456K, used 18825K [0x0000000136300000, 0x0000000138900000, 0x000000014b880000)
  eden space 16896K, 100% used [0x0000000136300000,0x0000000137380000,0x0000000137380000)
  from space 2560K, 75% used [0x0000000137380000,0x0000000137562530,0x0000000137600000)
  to   space 2560K, 0% used [0x0000000138680000,0x0000000138680000,0x0000000138900000)
 ParOldGen       total 43520K, used 24K [0x000000010b880000, 0x000000010e300000, 0x0000000136300000)
  object space 43520K, 0% used [0x000000010b880000,0x000000010b886000,0x000000010e300000)
 PSPermGen       total 21504K, used 5714K [0x0000000106680000, 0x0000000107b80000, 0x000000010b880000)
  object space 21504K, 26% used [0x0000000106680000,0x0000000106c14a18,0x0000000107b80000)
Event: 3.782 GC heap after
Heap after GC invocations=4 (full 0):
 PSYoungGen      total 36352K, used 2421K [0x0000000136300000, 0x0000000138900000, 0x000000014b880000)
  eden space 33792K, 0% used [0x0000000136300000,0x0000000136300000,0x0000000138400000)
  from space 2560K, 94% used [0x0000000138680000,0x00000001388dd7c0,0x0000000138900000)
  to   space 2560K, 0% used [0x0000000138400000,0x0000000138400000,0x0000000138680000)
 ParOldGen       total 43520K, used 32K [0x000000010b880000, 0x000000010e300000, 0x0000000136300000)
  object space 43520K, 0% used [0x000000010b880000,0x000000010b888000,0x000000010e300000)
 PSPermGen       total 21504K, used 5714K [0x0000000106680000, 0x0000000107b80000, 0x000000010b880000)
  object space 21504K, 26% used [0x0000000106680000,0x0000000106c14a18,0x0000000107b80000)
}
Event: 3.813 GC heap before
{Heap before GC invocations=5 (full 0):
 PSYoungGen      total 36352K, used 36213K [0x0000000136300000, 0x0000000138900000, 0x000000014b880000)
  eden space 33792K, 100% used [0x0000000136300000,0x0000000138400000,0x0000000138400000)
  from space 2560K, 94% used [0x0000000138680000,0x00000001388dd7c0,0x0000000138900000)
  to   space 2560K, 0% used [0x0000000138400000,0x0000000138400000,0x0000000138680000)
 ParOldGen       total 43520K, used 32K [0x000000010b880000, 0x000000010e300000, 0x0000000136300000)
  object space 43520K, 0% used [0x000000010b880000,0x000000010b888000,0x000000010e300000)
 PSPermGen       total 21504K, used 5714K [0x0000000106680000, 0x0000000107b80000, 0x000000010b880000)
  object space 21504K, 26% used [0x0000000106680000,0x0000000106c14a18,0x0000000107b80000)
Event: 3.818 GC heap after
Heap after GC invocations=5 (full 0):
 PSYoungGen      total 36352K, used 2544K [0x0000000136300000, 0x000000013ac00000, 0x000000014b880000)
  eden space 33792K, 0% used [0x0000000136300000,0x0000000136300000,0x0000000138400000)
  from space 2560K, 99% used [0x0000000138400000,0x000000013867c378,0x0000000138680000)
  to   space 3584K, 0% used [0x000000013a880000,0x000000013a880000,0x000000013ac00000)
 ParOldGen       total 43520K, used 616K [0x000000010b880000, 0x000000010e300000, 0x0000000136300000)
  object space 43520K, 1% used [0x000000010b880000,0x000000010b91a000,0x000000010e300000)
 PSPermGen       total 21504K, used 5714K [0x0000000106680000, 0x0000000107b80000, 0x000000010b880000)
  object space 21504K, 26% used [0x0000000106680000,0x0000000106c14a18,0x0000000107b80000)
}
Event: 3.855 GC heap before
{Heap before GC invocations=6 (full 0):
 PSYoungGen      total 36352K, used 36336K [0x0000000136300000, 0x000000013ac00000, 0x000000014b880000)
  eden space 33792K, 100% used [0x0000000136300000,0x0000000138400000,0x0000000138400000)
  from space 2560K, 99% used [0x0000000138400000,0x000000013867c378,0x0000000138680000)
  to   space 3584K, 0% used [0x000000013a880000,0x000000013a880000,0x000000013ac00000)
 ParOldGen       total 43520K, used 616K [0x000000010b880000, 0x000000010e300000, 0x0000000136300000)
  object space 43520K, 1% used [0x000000010b880000,0x000000010b91a000,0x000000010e300000)
 PSPermGen       total 21504K, used 5724K [0x0000000106680000, 0x0000000107b80000, 0x000000010b880000)
  object space 21504K, 26% used [0x0000000106680000,0x0000000106c17098,0x0000000107b80000)
Event: 3.861 GC heap after
Heap after GC invocations=6 (full 0):
 PSYoungGen      total 70656K, used 3431K [0x0000000136300000, 0x000000013ad00000, 0x000000014b880000)
  eden space 67072K, 0% used [0x0000000136300000,0x0000000136300000,0x000000013a480000)
  from space 3584K, 95% used [0x000000013a880000,0x000000013abd9f40,0x000000013ac00000)
  to   space 4096K, 0% used [0x000000013a480000,0x000000013a480000,0x000000013a880000)
 ParOldGen       total 43520K, used 616K [0x000000010b880000, 0x000000010e300000, 0x0000000136300000)
  object space 43520K, 1% used [0x000000010b880000,0x000000010b91a000,0x000000010e300000)
 PSPermGen       total 21504K, used 5724K [0x0000000106680000, 0x0000000107b80000, 0x000000010b880000)
  object space 21504K, 26% used [0x0000000106680000,0x0000000106c17098,0x0000000107b80000)
}
Event: 3.945 GC heap before
{Heap before GC invocations=7 (full 0):
 PSYoungGen      total 70656K, used 70503K [0x0000000136300000, 0x000000013ad00000, 0x000000014b880000)
  eden space 67072K, 100% used [0x0000000136300000,0x000000013a480000,0x000000013a480000)
  from space 3584K, 95% used [0x000000013a880000,0x000000013abd9f40,0x000000013ac00000)
  to   space 4096K, 0% used [0x000000013a480000,0x000000013a480000,0x000000013a880000)
 ParOldGen       total 43520K, used 616K [0x000000010b880000, 0x000000010e300000, 0x0000000136300000)
  object space 43520K, 1% used [0x000000010b880000,0x000000010b91a000,0x000000010e300000)
 PSPermGen       total 21504K, used 5725K [0x0000000106680000, 0x0000000107b80000, 0x000000010b880000)
  object space 21504K, 26% used [0x0000000106680000,0x0000000106c175d8,0x0000000107b80000)
Event: 3.953 GC heap after
Heap after GC invocations=7 (full 0):
 PSYoungGen      total 71168K, used 4073K [0x0000000136300000, 0x000000013f000000, 0x000000014b880000)
  eden space 67072K, 0% used [0x0000000136300000,0x0000000136300000,0x000000013a480000)
  from space 4096K, 99% used [0x000000013a480000,0x000000013a87a478,0x000000013a880000)
  to   space 5120K, 0% used [0x000000013eb00000,0x000000013eb00000,0x000000013f000000)
 ParOldGen       total 43520K, used 1540K [0x000000010b880000, 0x000000010e300000, 0x0000000136300000)
  object space 43520K, 3% used [0x000000010b880000,0x000000010ba01170,0x000000010e300000)
 PSPermGen       total 21504K, used 5725K [0x0000000106680000, 0x0000000107b80000, 0x000000010b880000)
  object space 21504K, 26% used [0x0000000106680000,0x0000000106c175d8,0x0000000107b80000)
}
Event: 4.006 GC heap before
{Heap before GC invocations=8 (full 0):
 PSYoungGen      total 71168K, used 71145K [0x0000000136300000, 0x000000013f000000, 0x000000014b880000)
  eden space 67072K, 100% used [0x0000000136300000,0x000000013a480000,0x000000013a480000)
  from space 4096K, 99% used [0x000000013a480000,0x000000013a87a478,0x000000013a880000)
  to   space 5120K, 0% used [0x000000013eb00000,0x000000013eb00000,0x000000013f000000)
 ParOldGen       total 43520K, used 1540K [0x000000010b880000, 0x000000010e300000, 0x0000000136300000)
  object space 43520K, 3% used [0x000000010b880000,0x000000010ba01170,0x000000010e300000)
 PSPermGen       total 21504K, used 5725K [0x0000000106680000, 0x0000000107b80000, 0x000000010b880000)
  object space 21504K, 26% used [0x0000000106680000,0x0000000106c175d8,0x0000000107b80000)
Event: 4.014 GC heap after
Heap after GC invocations=8 (full 0):
 PSYoungGen      total 138752K, used 4660K [0x0000000136300000, 0x000000013f100000, 0x000000014b880000)
  eden space 133632K, 0% used [0x0000000136300000,0x0000000136300000,0x000000013e580000)
  from space 5120K, 91% used [0x000000013eb00000,0x000000013ef8d040,0x000000013f000000)
  to   space 5632K, 0% used [0x000000013e580000,0x000000013e580000,0x000000013eb00000)
 ParOldGen       total 43520K, used 2188K [0x000000010b880000, 0x000000010e300000, 0x0000000136300000)
  object space 43520K, 5% used [0x000000010b880000,0x000000010baa3170,0x000000010e300000)
 PSPermGen       total 21504K, used 5725K [0x0000000106680000, 0x0000000107b80000, 0x000000010b880000)
  object space 21504K, 26% used [0x0000000106680000,0x0000000106c175d8,0x0000000107b80000)
}

