# JRE version: Java(TM) SE Runtime Environment (7.0_55-b13) (build 1.7.0_55-b13)
# Java VM: Java HotSpot(TM) 64-Bit Server VM (24.55-b03 mixed mode bsd-amd64 compressed oops)
Heap
 PSYoungGen      total 70656K, used 66506K [0x00000007eaa80000, 0x00000007f3580000, 0x0000000800000000)
  eden space 67072K, 94% used [0x00000007eaa80000,0x00000007ee81d348,0x00000007eec00000)
  from space 3584K, 95% used [0x00000007eec00000,0x00000007eef556a0,0x00000007eef80000)
  to   space 4096K, 0% used [0x00000007f3180000,0x00000007f3180000,0x00000007f3580000)
 ParOldGen       total 43520K, used 1864K [0x00000007c0000000, 0x00000007c2a80000, 0x00000007eaa80000)
  object space 43520K, 4% used [0x00000007c0000000,0x00000007c01d2180,0x00000007c2a80000)
 PSPermGen       total 21504K, used 5869K [0x00000007bae00000, 0x00000007bc300000, 0x00000007c0000000)
  object space 21504K, 27% used [0x00000007bae00000,0x00000007bb3bb750,0x00000007bc300000)
GC Heap History (10 events):
Event: 1.368 GC heap before
{Heap before GC invocations=3 (full 0):
 PSYoungGen      total 19456K, used 18433K [0x00000007eaa80000, 0x00000007ed080000, 0x0000000800000000)
  eden space 16896K, 100% used [0x00000007eaa80000,0x00000007ebb00000,0x00000007ebb00000)
  from space 2560K, 60% used [0x00000007ebd80000,0x00000007ebf00698,0x00000007ec000000)
  to   space 2560K, 0% used [0x00000007ebb00000,0x00000007ebb00000,0x00000007ebd80000)
 ParOldGen       total 43520K, used 16K [0x00000007c0000000, 0x00000007c2a80000, 0x00000007eaa80000)
  object space 43520K, 0% used [0x00000007c0000000,0x00000007c0004000,0x00000007c2a80000)
 PSPermGen       total 21504K, used 5788K [0x00000007bae00000, 0x00000007bc300000, 0x00000007c0000000)
  object space 21504K, 26% used [0x00000007bae00000,0x00000007bb3a7348,0x00000007bc300000)
Event: 1.372 GC heap after
Heap after GC invocations=3 (full 0):
 PSYoungGen      total 19456K, used 1842K [0x00000007eaa80000, 0x00000007ed080000, 0x0000000800000000)
  eden space 16896K, 0% used [0x00000007eaa80000,0x00000007eaa80000,0x00000007ebb00000)
  from space 2560K, 71% used [0x00000007ebb00000,0x00000007ebccc9e8,0x00000007ebd80000)
  to   space 2560K, 0% used [0x00000007ece00000,0x00000007ece00000,0x00000007ed080000)
 ParOldGen       total 43520K, used 16K [0x00000007c0000000, 0x00000007c2a80000, 0x00000007eaa80000)
  object space 43520K, 0% used [0x00000007c0000000,0x00000007c0004000,0x00000007c2a80000)
 PSPermGen       total 21504K, used 5788K [0x00000007bae00000, 0x00000007bc300000, 0x00000007c0000000)
  object space 21504K, 26% used [0x00000007bae00000,0x00000007bb3a7348,0x00000007bc300000)
}
Event: 1.390 GC heap before
{Heap before GC invocations=4 (full 0):
 PSYoungGen      total 19456K, used 18738K [0x00000007eaa80000, 0x00000007ed080000, 0x0000000800000000)
  eden space 16896K, 100% used [0x00000007eaa80000,0x00000007ebb00000,0x00000007ebb00000)
  from space 2560K, 71% used [0x00000007ebb00000,0x00000007ebccc9e8,0x00000007ebd80000)
  to   space 2560K, 0% used [0x00000007ece00000,0x00000007ece00000,0x00000007ed080000)
 ParOldGen       total 43520K, used 16K [0x00000007c0000000, 0x00000007c2a80000, 0x00000007eaa80000)
  object space 43520K, 0% used [0x00000007c0000000,0x00000007c0004000,0x00000007c2a80000)
 PSPermGen       total 21504K, used 5788K [0x00000007bae00000, 0x00000007bc300000, 0x00000007c0000000)
  object space 21504K, 26% used [0x00000007bae00000,0x00000007bb3a7348,0x00000007bc300000)
Event: 1.395 GC heap after
Heap after GC invocations=4 (full 0):
 PSYoungGen      total 36352K, used 2251K [0x00000007eaa80000, 0x00000007ed080000, 0x0000000800000000)
  eden space 33792K, 0% used [0x00000007eaa80000,0x00000007eaa80000,0x00000007ecb80000)
  from space 2560K, 87% used [0x00000007ece00000,0x00000007ed032e98,0x00000007ed080000)
  to   space 2560K, 0% used [0x00000007ecb80000,0x00000007ecb80000,0x00000007ece00000)
 ParOldGen       total 43520K, used 24K [0x00000007c0000000, 0x00000007c2a80000, 0x00000007eaa80000)
  object space 43520K, 0% used [0x00000007c0000000,0x00000007c0006000,0x00000007c2a80000)
 PSPermGen       total 21504K, used 5788K [0x00000007bae00000, 0x00000007bc300000, 0x00000007c0000000)
  object space 21504K, 26% used [0x00000007bae00000,0x00000007bb3a7348,0x00000007bc300000)
}
Event: 1.431 GC heap before
{Heap before GC invocations=5 (full 0):
 PSYoungGen      total 36352K, used 36043K [0x00000007eaa80000, 0x00000007ed080000, 0x0000000800000000)
  eden space 33792K, 100% used [0x00000007eaa80000,0x00000007ecb80000,0x00000007ecb80000)
  from space 2560K, 87% used [0x00000007ece00000,0x00000007ed032e98,0x00000007ed080000)
  to   space 2560K, 0% used [0x00000007ecb80000,0x00000007ecb80000,0x00000007ece00000)
 ParOldGen       total 43520K, used 24K [0x00000007c0000000, 0x00000007c2a80000, 0x00000007eaa80000)
  object space 43520K, 0% used [0x00000007c0000000,0x00000007c0006000,0x00000007c2a80000)
 PSPermGen       total 21504K, used 5788K [0x00000007bae00000, 0x00000007bc300000, 0x00000007c0000000)
  object space 21504K, 26% used [0x00000007bae00000,0x00000007bb3a73f0,0x00000007bc300000)
Event: 1.437 GC heap after
Heap after GC invocations=5 (full 0):
 PSYoungGen      total 36352K, used 2555K [0x00000007eaa80000, 0x00000007ef280000, 0x0000000800000000)
  eden space 33792K, 0% used [0x00000007eaa80000,0x00000007eaa80000,0x00000007ecb80000)
  from space 2560K, 99% used [0x00000007ecb80000,0x00000007ecdfeef0,0x00000007ece00000)
  to   space 3072K, 0% used [0x00000007eef80000,0x00000007eef80000,0x00000007ef280000)
 ParOldGen       total 43520K, used 424K [0x00000007c0000000, 0x00000007c2a80000, 0x00000007eaa80000)
  object space 43520K, 0% used [0x00000007c0000000,0x00000007c006a000,0x00000007c2a80000)
 PSPermGen       total 21504K, used 5788K [0x00000007bae00000, 0x00000007bc300000, 0x00000007c0000000)
  object space 21504K, 26% used [0x00000007bae00000,0x00000007bb3a73f0,0x00000007bc300000)
}
Event: 1.470 GC heap before
{Heap before GC invocations=6 (full 0):
 PSYoungGen      total 36352K, used 36347K [0x00000007eaa80000, 0x00000007ef280000, 0x0000000800000000)
  eden space 33792K, 100% used [0x00000007eaa80000,0x00000007ecb80000,0x00000007ecb80000)
  from space 2560K, 99% used [0x00000007ecb80000,0x00000007ecdfeef0,0x00000007ece00000)
  to   space 3072K, 0% used [0x00000007eef80000,0x00000007eef80000,0x00000007ef280000)
 ParOldGen       total 43520K, used 424K [0x00000007c0000000, 0x00000007c2a80000, 0x00000007eaa80000)
  object space 43520K, 0% used [0x00000007c0000000,0x00000007c006a000,0x00000007c2a80000)
 PSPermGen       total 21504K, used 5789K [0x00000007bae00000, 0x00000007bc300000, 0x00000007c0000000)
  object space 21504K, 26% used [0x00000007bae00000,0x00000007bb3a7530,0x00000007bc300000)
Event: 1.476 GC heap after
Heap after GC invocations=6 (full 0):
 PSYoungGen      total 70144K, used 3043K [0x00000007eaa80000, 0x00000007ef380000, 0x0000000800000000)
  eden space 67072K, 0% used [0x00000007eaa80000,0x00000007eaa80000,0x00000007eec00000)
  from space 3072K, 99% used [0x00000007eef80000,0x00000007ef278f48,0x00000007ef280000)
  to   space 3584K, 0% used [0x00000007eec00000,0x00000007eec00000,0x00000007eef80000)
 ParOldGen       total 43520K, used 720K [0x00000007c0000000, 0x00000007c2a80000, 0x00000007eaa80000)
  object space 43520K, 1% used [0x00000007c0000000,0x00000007c00b4000,0x00000007c2a80000)
 PSPermGen       total 21504K, used 5789K [0x00000007bae00000, 0x00000007bc300000, 0x00000007c0000000)
  object space 21504K, 26% used [0x00000007bae00000,0x00000007bb3a7530,0x00000007bc300000)
}
Event: 1.543 GC heap before
{Heap before GC invocations=7 (full 0):
 PSYoungGen      total 70144K, used 70115K [0x00000007eaa80000, 0x00000007ef380000, 0x0000000800000000)
  eden space 67072K, 100% used [0x00000007eaa80000,0x00000007eec00000,0x00000007eec00000)
  from space 3072K, 99% used [0x00000007eef80000,0x00000007ef278f48,0x00000007ef280000)
  to   space 3584K, 0% used [0x00000007eec00000,0x00000007eec00000,0x00000007eef80000)
 ParOldGen       total 43520K, used 720K [0x00000007c0000000, 0x00000007c2a80000, 0x00000007eaa80000)
  object space 43520K, 1% used [0x00000007c0000000,0x00000007c00b4000,0x00000007c2a80000)
 PSPermGen       total 21504K, used 5789K [0x00000007bae00000, 0x00000007bc300000, 0x00000007c0000000)
  object space 21504K, 26% used [0x00000007bae00000,0x00000007bb3a7530,0x00000007bc300000)
Event: 1.551 GC heap after
Heap after GC invocations=7 (full 0):
 PSYoungGen      total 70656K, used 3413K [0x00000007eaa80000, 0x00000007f3580000, 0x0000000800000000)
  eden space 67072K, 0% used [0x00000007eaa80000,0x00000007eaa80000,0x00000007eec00000)
  from space 3584K, 95% used [0x00000007eec00000,0x00000007eef556a0,0x00000007eef80000)
  to   space 4096K, 0% used [0x00000007f3180000,0x00000007f3180000,0x00000007f3580000)
 ParOldGen       total 43520K, used 1864K [0x00000007c0000000, 0x00000007c2a80000, 0x00000007eaa80000)
  object space 43520K, 4% used [0x00000007c0000000,0x00000007c01d2180,0x00000007c2a80000)
 PSPermGen       total 21504K, used 5789K [0x00000007bae00000, 0x00000007bc300000, 0x00000007c0000000)
  object space 21504K, 26% used [0x00000007bae00000,0x00000007bb3a7530,0x00000007bc300000)
}

