# JRE version: Java(TM) SE Runtime Environment (7.0_55-b13) (build 1.7.0_55-b13)
# Java VM: Java HotSpot(TM) 64-Bit Server VM (24.55-b03 mixed mode bsd-amd64 compressed oops)
Heap
 PSYoungGen      total 138752K, used 66303K [0x0000000136600000, 0x000000013f400000, 0x000000014bb80000)
  eden space 133632K, 46% used [0x0000000136600000,0x000000013a212c68,0x000000013e880000)
  from space 5120K, 93% used [0x000000013ee00000,0x000000013f2ad040,0x000000013f300000)
  to   space 5632K, 0% used [0x000000013e880000,0x000000013e880000,0x000000013ee00000)
 ParOldGen       total 43520K, used 2056K [0x000000010bb80000, 0x000000010e600000, 0x0000000136600000)
  object space 43520K, 4% used [0x000000010bb80000,0x000000010bd82180,0x000000010e600000)
 PSPermGen       total 21504K, used 5765K [0x0000000106980000, 0x0000000107e80000, 0x000000010bb80000)
  object space 21504K, 26% used [0x0000000106980000,0x0000000106f214d8,0x0000000107e80000)
GC Heap History (10 events):
Event: 1.788 GC heap before
{Heap before GC invocations=4 (full 0):
 PSYoungGen      total 19456K, used 18825K [0x0000000136600000, 0x0000000138c00000, 0x000000014bb80000)
  eden space 16896K, 100% used [0x0000000136600000,0x0000000137680000,0x0000000137680000)
  from space 2560K, 75% used [0x0000000137680000,0x0000000137862530,0x0000000137900000)
  to   space 2560K, 0% used [0x0000000138980000,0x0000000138980000,0x0000000138c00000)
 ParOldGen       total 43520K, used 16K [0x000000010bb80000, 0x000000010e600000, 0x0000000136600000)
  object space 43520K, 0% used [0x000000010bb80000,0x000000010bb84000,0x000000010e600000)
 PSPermGen       total 21504K, used 5727K [0x0000000106980000, 0x0000000107e80000, 0x000000010bb80000)
  object space 21504K, 26% used [0x0000000106980000,0x0000000106f17d80,0x0000000107e80000)
Event: 1.792 GC heap after
Heap after GC invocations=4 (full 0):
 PSYoungGen      total 36352K, used 2373K [0x0000000136600000, 0x0000000138c00000, 0x000000014bb80000)
  eden space 33792K, 0% used [0x0000000136600000,0x0000000136600000,0x0000000138700000)
  from space 2560K, 92% used [0x0000000138980000,0x0000000138bd17b0,0x0000000138c00000)
  to   space 2560K, 0% used [0x0000000138700000,0x0000000138700000,0x0000000138980000)
 ParOldGen       total 43520K, used 16K [0x000000010bb80000, 0x000000010e600000, 0x0000000136600000)
  object space 43520K, 0% used [0x000000010bb80000,0x000000010bb84000,0x000000010e600000)
 PSPermGen       total 21504K, used 5727K [0x0000000106980000, 0x0000000107e80000, 0x000000010bb80000)
  object space 21504K, 26% used [0x0000000106980000,0x0000000106f17d80,0x0000000107e80000)
}
Event: 1.823 GC heap before
{Heap before GC invocations=5 (full 0):
 PSYoungGen      total 36352K, used 36165K [0x0000000136600000, 0x0000000138c00000, 0x000000014bb80000)
  eden space 33792K, 100% used [0x0000000136600000,0x0000000138700000,0x0000000138700000)
  from space 2560K, 92% used [0x0000000138980000,0x0000000138bd17b0,0x0000000138c00000)
  to   space 2560K, 0% used [0x0000000138700000,0x0000000138700000,0x0000000138980000)
 ParOldGen       total 43520K, used 16K [0x000000010bb80000, 0x000000010e600000, 0x0000000136600000)
  object space 43520K, 0% used [0x000000010bb80000,0x000000010bb84000,0x000000010e600000)
 PSPermGen       total 21504K, used 5727K [0x0000000106980000, 0x0000000107e80000, 0x000000010bb80000)
  object space 21504K, 26% used [0x0000000106980000,0x0000000106f17ec0,0x0000000107e80000)
Event: 1.828 GC heap after
Heap after GC invocations=5 (full 0):
 PSYoungGen      total 36352K, used 2544K [0x0000000136600000, 0x000000013af00000, 0x000000014bb80000)
  eden space 33792K, 0% used [0x0000000136600000,0x0000000136600000,0x0000000138700000)
  from space 2560K, 99% used [0x0000000138700000,0x000000013897c378,0x0000000138980000)
  to   space 3584K, 0% used [0x000000013ab80000,0x000000013ab80000,0x000000013af00000)
 ParOldGen       total 43520K, used 568K [0x000000010bb80000, 0x000000010e600000, 0x0000000136600000)
  object space 43520K, 1% used [0x000000010bb80000,0x000000010bc0e000,0x000000010e600000)
 PSPermGen       total 21504K, used 5727K [0x0000000106980000, 0x0000000107e80000, 0x000000010bb80000)
  object space 21504K, 26% used [0x0000000106980000,0x0000000106f17ec0,0x0000000107e80000)
}
Event: 1.864 GC heap before
{Heap before GC invocations=6 (full 0):
 PSYoungGen      total 36352K, used 36336K [0x0000000136600000, 0x000000013af00000, 0x000000014bb80000)
  eden space 33792K, 100% used [0x0000000136600000,0x0000000138700000,0x0000000138700000)
  from space 2560K, 99% used [0x0000000138700000,0x000000013897c378,0x0000000138980000)
  to   space 3584K, 0% used [0x000000013ab80000,0x000000013ab80000,0x000000013af00000)
 ParOldGen       total 43520K, used 568K [0x000000010bb80000, 0x000000010e600000, 0x0000000136600000)
  object space 43520K, 1% used [0x000000010bb80000,0x000000010bc0e000,0x000000010e600000)
 PSPermGen       total 21504K, used 5737K [0x0000000106980000, 0x0000000107e80000, 0x000000010bb80000)
  object space 21504K, 26% used [0x0000000106980000,0x0000000106f1a540,0x0000000107e80000)
Event: 1.869 GC heap after
Heap after GC invocations=6 (full 0):
 PSYoungGen      total 70656K, used 3415K [0x0000000136600000, 0x000000013b000000, 0x000000014bb80000)
  eden space 67072K, 0% used [0x0000000136600000,0x0000000136600000,0x000000013a780000)
  from space 3584K, 95% used [0x000000013ab80000,0x000000013aed5f10,0x000000013af00000)
  to   space 4096K, 0% used [0x000000013a780000,0x000000013a780000,0x000000013ab80000)
 ParOldGen       total 43520K, used 568K [0x000000010bb80000, 0x000000010e600000, 0x0000000136600000)
  object space 43520K, 1% used [0x000000010bb80000,0x000000010bc0e000,0x000000010e600000)
 PSPermGen       total 21504K, used 5737K [0x0000000106980000, 0x0000000107e80000, 0x000000010bb80000)
  object space 21504K, 26% used [0x0000000106980000,0x0000000106f1a540,0x0000000107e80000)
}
Event: 1.955 GC heap before
{Heap before GC invocations=7 (full 0):
 PSYoungGen      total 70656K, used 70487K [0x0000000136600000, 0x000000013b000000, 0x000000014bb80000)
  eden space 67072K, 100% used [0x0000000136600000,0x000000013a780000,0x000000013a780000)
  from space 3584K, 95% used [0x000000013ab80000,0x000000013aed5f10,0x000000013af00000)
  to   space 4096K, 0% used [0x000000013a780000,0x000000013a780000,0x000000013ab80000)
 ParOldGen       total 43520K, used 568K [0x000000010bb80000, 0x000000010e600000, 0x0000000136600000)
  object space 43520K, 1% used [0x000000010bb80000,0x000000010bc0e000,0x000000010e600000)
 PSPermGen       total 21504K, used 5737K [0x0000000106980000, 0x0000000107e80000, 0x000000010bb80000)
  object space 21504K, 26% used [0x0000000106980000,0x0000000106f1a790,0x0000000107e80000)
Event: 1.963 GC heap after
Heap after GC invocations=7 (full 0):
 PSYoungGen      total 71168K, used 4073K [0x0000000136600000, 0x000000013f300000, 0x000000014bb80000)
  eden space 67072K, 0% used [0x0000000136600000,0x0000000136600000,0x000000013a780000)
  from space 4096K, 99% used [0x000000013a780000,0x000000013ab7a478,0x000000013ab80000)
  to   space 5120K, 0% used [0x000000013ee00000,0x000000013ee00000,0x000000013f300000)
 ParOldGen       total 43520K, used 1472K [0x000000010bb80000, 0x000000010e600000, 0x0000000136600000)
  object space 43520K, 3% used [0x000000010bb80000,0x000000010bcf0180,0x000000010e600000)
 PSPermGen       total 21504K, used 5737K [0x0000000106980000, 0x0000000107e80000, 0x000000010bb80000)
  object space 21504K, 26% used [0x0000000106980000,0x0000000106f1a790,0x0000000107e80000)
}
Event: 2.020 GC heap before
{Heap before GC invocations=8 (full 0):
 PSYoungGen      total 71168K, used 71145K [0x0000000136600000, 0x000000013f300000, 0x000000014bb80000)
  eden space 67072K, 100% used [0x0000000136600000,0x000000013a780000,0x000000013a780000)
  from space 4096K, 99% used [0x000000013a780000,0x000000013ab7a478,0x000000013ab80000)
  to   space 5120K, 0% used [0x000000013ee00000,0x000000013ee00000,0x000000013f300000)
 ParOldGen       total 43520K, used 1472K [0x000000010bb80000, 0x000000010e600000, 0x0000000136600000)
  object space 43520K, 3% used [0x000000010bb80000,0x000000010bcf0180,0x000000010e600000)
 PSPermGen       total 21504K, used 5738K [0x0000000106980000, 0x0000000107e80000, 0x000000010bb80000)
  object space 21504K, 26% used [0x0000000106980000,0x0000000106f1ab18,0x0000000107e80000)
Event: 2.027 GC heap after
Heap after GC invocations=8 (full 0):
 PSYoungGen      total 138752K, used 4788K [0x0000000136600000, 0x000000013f400000, 0x000000014bb80000)
  eden space 133632K, 0% used [0x0000000136600000,0x0000000136600000,0x000000013e880000)
  from space 5120K, 93% used [0x000000013ee00000,0x000000013f2ad040,0x000000013f300000)
  to   space 5632K, 0% used [0x000000013e880000,0x000000013e880000,0x000000013ee00000)
 ParOldGen       total 43520K, used 2056K [0x000000010bb80000, 0x000000010e600000, 0x0000000136600000)
  object space 43520K, 4% used [0x000000010bb80000,0x000000010bd82180,0x000000010e600000)
 PSPermGen       total 21504K, used 5738K [0x0000000106980000, 0x0000000107e80000, 0x000000010bb80000)
  object space 21504K, 26% used [0x0000000106980000,0x0000000106f1ab18,0x0000000107e80000)
}

