# JRE version: Java(TM) SE Runtime Environment (7.0_55-b13) (build 1.7.0_55-b13)
# Java VM: Java HotSpot(TM) 64-Bit Server VM (24.55-b03 mixed mode bsd-amd64 compressed oops)
Heap
 PSYoungGen      total 138752K, used 78754K [0x00000007eaa80000, 0x00000007f3a80000, 0x0000000800000000)
  eden space 133120K, 54% used [0x00000007eaa80000,0x00000007ef1ee9b8,0x00000007f2c80000)
  from space 5632K, 99% used [0x00000007f3300000,0x00000007f387a010,0x00000007f3880000)
  to   space 6656K, 0% used [0x00000007f2c80000,0x00000007f2c80000,0x00000007f3300000)
 ParOldGen       total 43520K, used 2672K [0x00000007c0000000, 0x00000007c2a80000, 0x00000007eaa80000)
  object space 43520K, 6% used [0x00000007c0000000,0x00000007c029c180,0x00000007c2a80000)
 PSPermGen       total 21504K, used 5828K [0x00000007bae00000, 0x00000007bc300000, 0x00000007c0000000)
  object space 21504K, 27% used [0x00000007bae00000,0x00000007bb3b1040,0x00000007bc300000)
GC Heap History (10 events):
Event: 1.634 GC heap before
{Heap before GC invocations=4 (full 0):
 PSYoungGen      total 19456K, used 19020K [0x00000007eaa80000, 0x00000007ed080000, 0x0000000800000000)
  eden space 16896K, 100% used [0x00000007eaa80000,0x00000007ebb00000,0x00000007ebb00000)
  from space 2560K, 82% used [0x00000007ebb00000,0x00000007ebd13170,0x00000007ebd80000)
  to   space 2560K, 0% used [0x00000007ece00000,0x00000007ece00000,0x00000007ed080000)
 ParOldGen       total 43520K, used 16K [0x00000007c0000000, 0x00000007c2a80000, 0x00000007eaa80000)
  object space 43520K, 0% used [0x00000007c0000000,0x00000007c0004000,0x00000007c2a80000)
 PSPermGen       total 21504K, used 5800K [0x00000007bae00000, 0x00000007bc300000, 0x00000007c0000000)
  object space 21504K, 26% used [0x00000007bae00000,0x00000007bb3aa1d8,0x00000007bc300000)
Event: 1.638 GC heap after
Heap after GC invocations=4 (full 0):
 PSYoungGen      total 36352K, used 2534K [0x00000007eaa80000, 0x00000007ed080000, 0x0000000800000000)
  eden space 33792K, 0% used [0x00000007eaa80000,0x00000007eaa80000,0x00000007ecb80000)
  from space 2560K, 98% used [0x00000007ece00000,0x00000007ed079938,0x00000007ed080000)
  to   space 2560K, 0% used [0x00000007ecb80000,0x00000007ecb80000,0x00000007ece00000)
 ParOldGen       total 43520K, used 16K [0x00000007c0000000, 0x00000007c2a80000, 0x00000007eaa80000)
  object space 43520K, 0% used [0x00000007c0000000,0x00000007c0004000,0x00000007c2a80000)
 PSPermGen       total 21504K, used 5800K [0x00000007bae00000, 0x00000007bc300000, 0x00000007c0000000)
  object space 21504K, 26% used [0x00000007bae00000,0x00000007bb3aa1d8,0x00000007bc300000)
}
Event: 1.693 GC heap before
{Heap before GC invocations=5 (full 0):
 PSYoungGen      total 36352K, used 36326K [0x00000007eaa80000, 0x00000007ed080000, 0x0000000800000000)
  eden space 33792K, 100% used [0x00000007eaa80000,0x00000007ecb80000,0x00000007ecb80000)
  from space 2560K, 98% used [0x00000007ece00000,0x00000007ed079938,0x00000007ed080000)
  to   space 2560K, 0% used [0x00000007ecb80000,0x00000007ecb80000,0x00000007ece00000)
 ParOldGen       total 43520K, used 16K [0x00000007c0000000, 0x00000007c2a80000, 0x00000007eaa80000)
  object space 43520K, 0% used [0x00000007c0000000,0x00000007c0004000,0x00000007c2a80000)
 PSPermGen       total 21504K, used 5800K [0x00000007bae00000, 0x00000007bc300000, 0x00000007c0000000)
  object space 21504K, 26% used [0x00000007bae00000,0x00000007bb3aa280,0x00000007bc300000)
Event: 1.698 GC heap after
Heap after GC invocations=5 (full 0):
 PSYoungGen      total 36352K, used 2537K [0x00000007eaa80000, 0x00000007ef380000, 0x0000000800000000)
  eden space 33792K, 0% used [0x00000007eaa80000,0x00000007eaa80000,0x00000007ecb80000)
  from space 2560K, 99% used [0x00000007ecb80000,0x00000007ecdfa5c8,0x00000007ece00000)
  to   space 3584K, 0% used [0x00000007ef000000,0x00000007ef000000,0x00000007ef380000)
 ParOldGen       total 43520K, used 904K [0x00000007c0000000, 0x00000007c2a80000, 0x00000007eaa80000)
  object space 43520K, 2% used [0x00000007c0000000,0x00000007c00e2000,0x00000007c2a80000)
 PSPermGen       total 21504K, used 5800K [0x00000007bae00000, 0x00000007bc300000, 0x00000007c0000000)
  object space 21504K, 26% used [0x00000007bae00000,0x00000007bb3aa280,0x00000007bc300000)
}
Event: 1.720 GC heap before
{Heap before GC invocations=6 (full 0):
 PSYoungGen      total 36352K, used 36329K [0x00000007eaa80000, 0x00000007ef380000, 0x0000000800000000)
  eden space 33792K, 100% used [0x00000007eaa80000,0x00000007ecb80000,0x00000007ecb80000)
  from space 2560K, 99% used [0x00000007ecb80000,0x00000007ecdfa5c8,0x00000007ece00000)
  to   space 3584K, 0% used [0x00000007ef000000,0x00000007ef000000,0x00000007ef380000)
 ParOldGen       total 43520K, used 904K [0x00000007c0000000, 0x00000007c2a80000, 0x00000007eaa80000)
  object space 43520K, 2% used [0x00000007c0000000,0x00000007c00e2000,0x00000007c2a80000)
 PSPermGen       total 21504K, used 5800K [0x00000007bae00000, 0x00000007bc300000, 0x00000007c0000000)
  object space 21504K, 26% used [0x00000007bae00000,0x00000007bb3aa3c0,0x00000007bc300000)
Event: 1.726 GC heap after
Heap after GC invocations=6 (full 0):
 PSYoungGen      total 70656K, used 3570K [0x00000007eaa80000, 0x00000007ef480000, 0x0000000800000000)
  eden space 67072K, 0% used [0x00000007eaa80000,0x00000007eaa80000,0x00000007eec00000)
  from space 3584K, 99% used [0x00000007ef000000,0x00000007ef37ca98,0x00000007ef380000)
  to   space 4096K, 0% used [0x00000007eec00000,0x00000007eec00000,0x00000007ef000000)
 ParOldGen       total 43520K, used 928K [0x00000007c0000000, 0x00000007c2a80000, 0x00000007eaa80000)
  object space 43520K, 2% used [0x00000007c0000000,0x00000007c00e8000,0x00000007c2a80000)
 PSPermGen       total 21504K, used 5800K [0x00000007bae00000, 0x00000007bc300000, 0x00000007c0000000)
  object space 21504K, 26% used [0x00000007bae00000,0x00000007bb3aa3c0,0x00000007bc300000)
}
Event: 1.788 GC heap before
{Heap before GC invocations=7 (full 0):
 PSYoungGen      total 70656K, used 70642K [0x00000007eaa80000, 0x00000007ef480000, 0x0000000800000000)
  eden space 67072K, 100% used [0x00000007eaa80000,0x00000007eec00000,0x00000007eec00000)
  from space 3584K, 99% used [0x00000007ef000000,0x00000007ef37ca98,0x00000007ef380000)
  to   space 4096K, 0% used [0x00000007eec00000,0x00000007eec00000,0x00000007ef000000)
 ParOldGen       total 43520K, used 928K [0x00000007c0000000, 0x00000007c2a80000, 0x00000007eaa80000)
  object space 43520K, 2% used [0x00000007c0000000,0x00000007c00e8000,0x00000007c2a80000)
 PSPermGen       total 21504K, used 5800K [0x00000007bae00000, 0x00000007bc300000, 0x00000007c0000000)
  object space 21504K, 26% used [0x00000007bae00000,0x00000007bb3aa3c0,0x00000007bc300000)
Event: 1.796 GC heap after
Heap after GC invocations=7 (full 0):
 PSYoungGen      total 71168K, used 4083K [0x00000007eaa80000, 0x00000007f3880000, 0x0000000800000000)
  eden space 67072K, 0% used [0x00000007eaa80000,0x00000007eaa80000,0x00000007eec00000)
  from space 4096K, 99% used [0x00000007eec00000,0x00000007eeffcfa0,0x00000007ef000000)
  to   space 5632K, 0% used [0x00000007f3300000,0x00000007f3300000,0x00000007f3880000)
 ParOldGen       total 43520K, used 2296K [0x00000007c0000000, 0x00000007c2a80000, 0x00000007eaa80000)
  object space 43520K, 5% used [0x00000007c0000000,0x00000007c023e180,0x00000007c2a80000)
 PSPermGen       total 21504K, used 5800K [0x00000007bae00000, 0x00000007bc300000, 0x00000007c0000000)
  object space 21504K, 26% used [0x00000007bae00000,0x00000007bb3aa3c0,0x00000007bc300000)
}
Event: 1.840 GC heap before
{Heap before GC invocations=8 (full 0):
 PSYoungGen      total 71168K, used 71155K [0x00000007eaa80000, 0x00000007f3880000, 0x0000000800000000)
  eden space 67072K, 100% used [0x00000007eaa80000,0x00000007eec00000,0x00000007eec00000)
  from space 4096K, 99% used [0x00000007eec00000,0x00000007eeffcfa0,0x00000007ef000000)
  to   space 5632K, 0% used [0x00000007f3300000,0x00000007f3300000,0x00000007f3880000)
 ParOldGen       total 43520K, used 2296K [0x00000007c0000000, 0x00000007c2a80000, 0x00000007eaa80000)
  object space 43520K, 5% used [0x00000007c0000000,0x00000007c023e180,0x00000007c2a80000)
 PSPermGen       total 21504K, used 5800K [0x00000007bae00000, 0x00000007bc300000, 0x00000007c0000000)
  object space 21504K, 26% used [0x00000007bae00000,0x00000007bb3aa3c0,0x00000007bc300000)
Event: 1.848 GC heap after
Heap after GC invocations=8 (full 0):
 PSYoungGen      total 138752K, used 5608K [0x00000007eaa80000, 0x00000007f3a80000, 0x0000000800000000)
  eden space 133120K, 0% used [0x00000007eaa80000,0x00000007eaa80000,0x00000007f2c80000)
  from space 5632K, 99% used [0x00000007f3300000,0x00000007f387a010,0x00000007f3880000)
  to   space 6656K, 0% used [0x00000007f2c80000,0x00000007f2c80000,0x00000007f3300000)
 ParOldGen       total 43520K, used 2672K [0x00000007c0000000, 0x00000007c2a80000, 0x00000007eaa80000)
  object space 43520K, 6% used [0x00000007c0000000,0x00000007c029c180,0x00000007c2a80000)
 PSPermGen       total 21504K, used 5800K [0x00000007bae00000, 0x00000007bc300000, 0x00000007c0000000)
  object space 21504K, 26% used [0x00000007bae00000,0x00000007bb3aa3c0,0x00000007bc300000)
}

