# JRE version: Java(TM) SE Runtime Environment (7.0_55-b13) (build 1.7.0_55-b13)
# Java VM: Java HotSpot(TM) 64-Bit Server VM (24.55-b03 mixed mode bsd-amd64 compressed oops)
Heap
 PSYoungGen      total 70656K, used 45026K [0x0000000136d80000, 0x000000013f880000, 0x000000014c300000)
  eden space 67072K, 61% used [0x0000000136d80000,0x00000001396033c8,0x000000013af00000)
  from space 3584K, 98% used [0x000000013af00000,0x000000013b2756a0,0x000000013b280000)
  to   space 4096K, 0% used [0x000000013f480000,0x000000013f480000,0x000000013f880000)
 ParOldGen       total 43520K, used 1756K [0x000000010c300000, 0x000000010ed80000, 0x0000000136d80000)
  object space 43520K, 4% used [0x000000010c300000,0x000000010c4b7190,0x000000010ed80000)
 PSPermGen       total 21504K, used 5809K [0x0000000107100000, 0x0000000108600000, 0x000000010c300000)
  object space 21504K, 27% used [0x0000000107100000,0x00000001076ac788,0x0000000108600000)
GC Heap History (10 events):
Event: 1.277 GC heap before
{Heap before GC invocations=3 (full 0):
 PSYoungGen      total 19456K, used 18401K [0x0000000136d80000, 0x0000000139380000, 0x000000014c300000)
  eden space 16896K, 100% used [0x0000000136d80000,0x0000000137e00000,0x0000000137e00000)
  from space 2560K, 58% used [0x0000000138080000,0x00000001381f86b8,0x0000000138300000)
  to   space 2560K, 0% used [0x0000000137e00000,0x0000000137e00000,0x0000000138080000)
 ParOldGen       total 43520K, used 8K [0x000000010c300000, 0x000000010ed80000, 0x0000000136d80000)
  object space 43520K, 0% used [0x000000010c300000,0x000000010c302000,0x000000010ed80000)
 PSPermGen       total 21504K, used 5782K [0x0000000107100000, 0x0000000108600000, 0x000000010c300000)
  object space 21504K, 26% used [0x0000000107100000,0x00000001076a5a58,0x0000000108600000)
Event: 1.280 GC heap after
Heap after GC invocations=3 (full 0):
 PSYoungGen      total 19456K, used 1858K [0x0000000136d80000, 0x0000000139380000, 0x000000014c300000)
  eden space 16896K, 0% used [0x0000000136d80000,0x0000000136d80000,0x0000000137e00000)
  from space 2560K, 72% used [0x0000000137e00000,0x0000000137fd09d8,0x0000000138080000)
  to   space 2560K, 0% used [0x0000000139100000,0x0000000139100000,0x0000000139380000)
 ParOldGen       total 43520K, used 16K [0x000000010c300000, 0x000000010ed80000, 0x0000000136d80000)
  object space 43520K, 0% used [0x000000010c300000,0x000000010c304000,0x000000010ed80000)
 PSPermGen       total 21504K, used 5782K [0x0000000107100000, 0x0000000108600000, 0x000000010c300000)
  object space 21504K, 26% used [0x0000000107100000,0x00000001076a5a58,0x0000000108600000)
}
Event: 1.302 GC heap before
{Heap before GC invocations=4 (full 0):
 PSYoungGen      total 19456K, used 18754K [0x0000000136d80000, 0x0000000139380000, 0x000000014c300000)
  eden space 16896K, 100% used [0x0000000136d80000,0x0000000137e00000,0x0000000137e00000)
  from space 2560K, 72% used [0x0000000137e00000,0x0000000137fd09d8,0x0000000138080000)
  to   space 2560K, 0% used [0x0000000139100000,0x0000000139100000,0x0000000139380000)
 ParOldGen       total 43520K, used 16K [0x000000010c300000, 0x000000010ed80000, 0x0000000136d80000)
  object space 43520K, 0% used [0x000000010c300000,0x000000010c304000,0x000000010ed80000)
 PSPermGen       total 21504K, used 5782K [0x0000000107100000, 0x0000000108600000, 0x000000010c300000)
  object space 21504K, 26% used [0x0000000107100000,0x00000001076a5a58,0x0000000108600000)
Event: 1.310 GC heap after
Heap after GC invocations=4 (full 0):
 PSYoungGen      total 36352K, used 2203K [0x0000000136d80000, 0x0000000139380000, 0x000000014c300000)
  eden space 33792K, 0% used [0x0000000136d80000,0x0000000136d80000,0x0000000138e80000)
  from space 2560K, 86% used [0x0000000139100000,0x0000000139326ea8,0x0000000139380000)
  to   space 2560K, 0% used [0x0000000138e80000,0x0000000138e80000,0x0000000139100000)
 ParOldGen       total 43520K, used 24K [0x000000010c300000, 0x000000010ed80000, 0x0000000136d80000)
  object space 43520K, 0% used [0x000000010c300000,0x000000010c306000,0x000000010ed80000)
 PSPermGen       total 21504K, used 5782K [0x0000000107100000, 0x0000000108600000, 0x000000010c300000)
  object space 21504K, 26% used [0x0000000107100000,0x00000001076a5a58,0x0000000108600000)
}
Event: 1.354 GC heap before
{Heap before GC invocations=5 (full 0):
 PSYoungGen      total 36352K, used 35995K [0x0000000136d80000, 0x0000000139380000, 0x000000014c300000)
  eden space 33792K, 100% used [0x0000000136d80000,0x0000000138e80000,0x0000000138e80000)
  from space 2560K, 86% used [0x0000000139100000,0x0000000139326ea8,0x0000000139380000)
  to   space 2560K, 0% used [0x0000000138e80000,0x0000000138e80000,0x0000000139100000)
 ParOldGen       total 43520K, used 24K [0x000000010c300000, 0x000000010ed80000, 0x0000000136d80000)
  object space 43520K, 0% used [0x000000010c300000,0x000000010c306000,0x000000010ed80000)
 PSPermGen       total 21504K, used 5782K [0x0000000107100000, 0x0000000108600000, 0x000000010c300000)
  object space 21504K, 26% used [0x0000000107100000,0x00000001076a5a58,0x0000000108600000)
Event: 1.362 GC heap after
Heap after GC invocations=5 (full 0):
 PSYoungGen      total 36352K, used 2555K [0x0000000136d80000, 0x000000013b580000, 0x000000014c300000)
  eden space 33792K, 0% used [0x0000000136d80000,0x0000000136d80000,0x0000000138e80000)
  from space 2560K, 99% used [0x0000000138e80000,0x00000001390feef0,0x0000000139100000)
  to   space 3072K, 0% used [0x000000013b280000,0x000000013b280000,0x000000013b580000)
 ParOldGen       total 43520K, used 432K [0x000000010c300000, 0x000000010ed80000, 0x0000000136d80000)
  object space 43520K, 0% used [0x000000010c300000,0x000000010c36c000,0x000000010ed80000)
 PSPermGen       total 21504K, used 5782K [0x0000000107100000, 0x0000000108600000, 0x000000010c300000)
  object space 21504K, 26% used [0x0000000107100000,0x00000001076a5a58,0x0000000108600000)
}
Event: 1.389 GC heap before
{Heap before GC invocations=6 (full 0):
 PSYoungGen      total 36352K, used 36347K [0x0000000136d80000, 0x000000013b580000, 0x000000014c300000)
  eden space 33792K, 100% used [0x0000000136d80000,0x0000000138e80000,0x0000000138e80000)
  from space 2560K, 99% used [0x0000000138e80000,0x00000001390feef0,0x0000000139100000)
  to   space 3072K, 0% used [0x000000013b280000,0x000000013b280000,0x000000013b580000)
 ParOldGen       total 43520K, used 432K [0x000000010c300000, 0x000000010ed80000, 0x0000000136d80000)
  object space 43520K, 0% used [0x000000010c300000,0x000000010c36c000,0x000000010ed80000)
 PSPermGen       total 21504K, used 5782K [0x0000000107100000, 0x0000000108600000, 0x000000010c300000)
  object space 21504K, 26% used [0x0000000107100000,0x00000001076a5b00,0x0000000108600000)
Event: 1.398 GC heap after
Heap after GC invocations=6 (full 0):
 PSYoungGen      total 70144K, used 3043K [0x0000000136d80000, 0x000000013b680000, 0x000000014c300000)
  eden space 67072K, 0% used [0x0000000136d80000,0x0000000136d80000,0x000000013af00000)
  from space 3072K, 99% used [0x000000013b280000,0x000000013b578f48,0x000000013b580000)
  to   space 3584K, 0% used [0x000000013af00000,0x000000013af00000,0x000000013b280000)
 ParOldGen       total 43520K, used 728K [0x000000010c300000, 0x000000010ed80000, 0x0000000136d80000)
  object space 43520K, 1% used [0x000000010c300000,0x000000010c3b6000,0x000000010ed80000)
 PSPermGen       total 21504K, used 5782K [0x0000000107100000, 0x0000000108600000, 0x000000010c300000)
  object space 21504K, 26% used [0x0000000107100000,0x00000001076a5b00,0x0000000108600000)
}
Event: 1.488 GC heap before
{Heap before GC invocations=7 (full 0):
 PSYoungGen      total 70144K, used 70115K [0x0000000136d80000, 0x000000013b680000, 0x000000014c300000)
  eden space 67072K, 100% used [0x0000000136d80000,0x000000013af00000,0x000000013af00000)
  from space 3072K, 99% used [0x000000013b280000,0x000000013b578f48,0x000000013b580000)
  to   space 3584K, 0% used [0x000000013af00000,0x000000013af00000,0x000000013b280000)
 ParOldGen       total 43520K, used 728K [0x000000010c300000, 0x000000010ed80000, 0x0000000136d80000)
  object space 43520K, 1% used [0x000000010c300000,0x000000010c3b6000,0x000000010ed80000)
 PSPermGen       total 21504K, used 5783K [0x0000000107100000, 0x0000000108600000, 0x000000010c300000)
  object space 21504K, 26% used [0x0000000107100000,0x00000001076a5e50,0x0000000108600000)
Event: 1.496 GC heap after
Heap after GC invocations=7 (full 0):
 PSYoungGen      total 70656K, used 3541K [0x0000000136d80000, 0x000000013f880000, 0x000000014c300000)
  eden space 67072K, 0% used [0x0000000136d80000,0x0000000136d80000,0x000000013af00000)
  from space 3584K, 98% used [0x000000013af00000,0x000000013b2756a0,0x000000013b280000)
  to   space 4096K, 0% used [0x000000013f480000,0x000000013f480000,0x000000013f880000)
 ParOldGen       total 43520K, used 1756K [0x000000010c300000, 0x000000010ed80000, 0x0000000136d80000)
  object space 43520K, 4% used [0x000000010c300000,0x000000010c4b7190,0x000000010ed80000)
 PSPermGen       total 21504K, used 5783K [0x0000000107100000, 0x0000000108600000, 0x000000010c300000)
  object space 21504K, 26% used [0x0000000107100000,0x00000001076a5e50,0x0000000108600000)
}

